**********************
Windows PowerShell transcript start
Start time: 20200304225605
Username: WORKGROUP\SYSTEM
RunAs User: WORKGROUP\SYSTEM
Machine: WIN-QF7SUH46TQO (Microsoft Windows NT 6.3.9600.0)
Host Application: C:\Windows\System32\WindowsPowerShell\v1.0\powershell.exe -ExecutionPolicy Bypass -NoProfile -File C:\script.ps1
Process ID: 4060
PSVersion: 5.1.14409.1005
PSEdition: Desktop
PSCompatibleVersions: 1.0, 2.0, 3.0, 4.0, 5.0, 5.1.14409.1005
BuildVersion: 10.0.14409.1005
CLRVersion: 4.0.30319.34014
WSManStackVersion: 3.0
PSRemotingProtocolVersion: 2.3
SerializationVersion: 1.1.0.1
**********************
Transcript started, output file is C:\logging.log
===== Check IIS role =====
OK
===== Check IIS service =====

Attempting start...
Internet services successfully started
===== Check & Update WebApp =====
Already up to date.
OK
===== Check IIS site =====
OK
===== Check IIS AppPool =====
OK
===== HTTP Request =====
OK 200
**********************
Windows PowerShell transcript end
End time: 20200304225610
**********************
